<?xml version="1.0" encoding="UTF-8"?>
<!-- Generated by org.testng.reporters.JUnitReportReporter -->
<testsuite hostname="Mireshs-MacBook-Pro.local" name="Sample" tests="2" failures="0" timestamp="1 Aug 2019 16:31:03 GMT" time="0.003" errors="0">
  <testcase name="test1" time="0.001" classname="Sample"/>
  <testcase name="test" time="0.002" classname="Sample"/>
</testsuite> <!-- Sample -->
