<?xml version="1.0" encoding="UTF-8"?>
<!-- Generated by org.testng.reporters.JUnitReportReporter -->
<testsuite hostname="Mireshs-MacBook-Pro.local" name="com.browserstack.sampletest.testng.ParameterByDataprovider" tests="5" failures="0" timestamp="9 Feb 2020 14:39:45 GMT" time="46.050" errors="0">
  <testcase name="navivatToBrowserStackPage" time="8.091" classname="com.browserstack.sampletest.testng.ParameterByDataprovider"/>
  <testcase name="selectOneProductFromWomanSection" time="9.910" classname="com.browserstack.sampletest.testng.ParameterByDataprovider"/>
  <testcase name="createAccount" time="6.379" classname="com.browserstack.sampletest.testng.ParameterByDataprovider"/>
  <testcase name="amountVerificationInProfilePage" time="6.420" classname="com.browserstack.sampletest.testng.ParameterByDataprovider"/>
  <testcase name="checkoutAndVerifyAmount" time="15.250" classname="com.browserstack.sampletest.testng.ParameterByDataprovider"/>
</testsuite> <!-- com.browserstack.sampletest.testng.ParameterByDataprovider -->
